Interrupt Vectors
    00000 940C 002C JMP	__text_start|__start

Program Code (text area)
__text_start|__start:
    0002C E5CF      LDI	R28,0x5F
    0002D E0D4      LDI	R29,4
    0002E BFCD      OUT	0x3D,R28
    0002F BFDE      OUT	0x3E,R29
    00030 51CE      SUBI	R28,0x1E
    00031 40D0      SBCI	R29,0
    00032 EA0A      LDI	R16,0xAA
    00033 8308      ST	Y,R16
    00034 2400      CLR	R0
    00035 E6E0      LDI	R30,0x60
    00036 E0F0      LDI	R31,0
    00037 E010      LDI	R17,0
    00038 36E0      CPI	R30,0x60
    00039 07F1      CPC	R31,R17
    0003A F011      BEQ	0x003D
    0003B 9201      ST	Z+,R0
    0003C CFFB      RJMP	0x0038
    0003D 8300      ST	Z,R16
    0003E E5E8      LDI	R30,0x58
    0003F E0F0      LDI	R31,0
    00040 E6A0      LDI	R26,0x60
    00041 E0B0      LDI	R27,0
    00042 E010      LDI	R17,0
    00043 E000      LDI	R16,0
    00044 BF0B      OUT	0x3B,R16
    00045 35E8      CPI	R30,0x58
    00046 07F1      CPC	R31,R17
    00047 F021      BEQ	0x004C
    00048 95C8      LPM
    00049 9631      ADIW	R30,1
    0004A 920D      ST	X+,R0
    0004B CFF9      RJMP	0x0045
    0004C 940E 006C CALL	_main
_exit:
    0004E CFFF      RJMP	_exit
_delay_nms:
  a                    --> R10
  b                    --> R20
  i                    --> R16
    0004F 92AA      ST	-Y,R10
    00050 934A      ST	-Y,R20
    00051 24AA      CLR	R10
    00052 C006      RJMP	0x0059
    00053 E041      LDI	R20,1
    00054 C001      RJMP	0x0056
    00055 9543      INC	R20
    00056 2344      TST	R20
    00057 F7E9      BNE	0x0055
    00058 94A3      INC	R10
    00059 16A0      CP	R10,R16
    0005A F3C0      BCS	0x0053
    0005B 9149      LD	R20,Y+
    0005C 90A9      LD	R10,Y+
    0005D 9508      RET
_delay_nus:
  i                    --> R20
  n                    --> R16
    0005E 934A      ST	-Y,R20
    0005F 935A      ST	-Y,R21
    00060 2744      CLR	R20
    00061 2755      CLR	R21
    00062 C003      RJMP	0x0066
    00063 0000      NOP
    00064 5F4F      SUBI	R20,0xFF
    00065 4F5F      SBCI	R21,0xFF
    00066 1740      CP	R20,R16
    00067 0751      CPC	R21,R17
    00068 F3D0      BCS	0x0063
    00069 9159      LD	R21,Y+
    0006A 9149      LD	R20,Y+
    0006B 9508      RET
FILE: F:\lamp\Project\ProjectForavr\main.c
(0001) #include"iom16v.h"
(0002) #include"twi.h"
(0003) #include"delay.h"
(0004) #include"MPU_6050.h"
(0005) #include"sent.h"
(0006) #include"usart.h"
(0007) 
(0008) void delay_ms(uint ms)
(0009) {
(0010) 	uint i,j;
(0011) 	for(i=0; i<ms; i++)
(0012) 	{
_main:
  AX                   --> R10
  AY                   --> R20
    0006C 940E 00F7 CALL	_twi_init
(0013) 		for(j=0; j<1141; j++);
    0006E E302      LDI	R16,0x32
    0006F 940E 004F CALL	_delay_nms
(0014) 	}
    00071 940E 00B5 CALL	_MPU_6050_init
(0015) }
    00073 EF04      LDI	R16,0xF4
    00074 940E 004F CALL	_delay_nms
(0016) 
    00076 940E 018B CALL	_Usart_init
    00078 C03A      RJMP	0x00B3
(0017) void main(void)
(0018) {
(0019) 	int AX;
(0020) 	int AY;
    00079 E500      LDI	R16,0x50
    0007A 940E 004F CALL	_delay_nms
(0021) 	twi_init();
    0007C E30B      LDI	R16,0x3B
    0007D 940E 00C9 CALL	_Get_data
    0007F 940E 0203 CALL	int2fp
    00081 0118      MOVW	R2,R16
    00082 0129      MOVW	R4,R18
    00083 E504      LDI	R16,0x54
    00084 E010      LDI	R17,0
    00085 940E 01BB CALL	lpm32
    00087 933A      ST	-Y,R19
    00088 932A      ST	-Y,R18
    00089 931A      ST	-Y,R17
    0008A 930A      ST	-Y,R16
    0008B 0181      MOVW	R16,R2
    0008C 0192      MOVW	R18,R4
    0008D 940E 022E CALL	fpdiv2
    0008F 940E 01CF CALL	fpint
    00091 0158      MOVW	R10,R16
(0022) 	delay_nms(50);
    00092 E30D      LDI	R16,0x3D
    00093 940E 00C9 CALL	_Get_data
    00095 940E 0203 CALL	int2fp
    00097 0118      MOVW	R2,R16
    00098 0129      MOVW	R4,R18
    00099 E504      LDI	R16,0x54
    0009A E010      LDI	R17,0
    0009B 940E 01BB CALL	lpm32
    0009D 933A      ST	-Y,R19
    0009E 932A      ST	-Y,R18
    0009F 931A      ST	-Y,R17
    000A0 930A      ST	-Y,R16
    000A1 0181      MOVW	R16,R2
    000A2 0192      MOVW	R18,R4
    000A3 940E 022E CALL	fpdiv2
    000A5 940E 01CF CALL	fpint
    000A7 01A8      MOVW	R20,R16
(0023) 	MPU_6050_init();
(0024) 	delay_nms(500);
    000A8 3506      CPI	R16,0x56
    000A9 E0E0      LDI	R30,0
    000AA 071E      CPC	R17,R30
    000AB F424      BGE	0x00B0
(0025) 	Usart_init();
(0026) 	//hc05_init();
    000AC E301      LDI	R16,0x31
    000AD 940E 0196 CALL	_USART_Transmit
(0027) 	while(1)
(0028) 	{
    000AF C003      RJMP	0x00B3
(0029) 		//delay_ms(10000);
(0030) 		AX=Get_data(ACCEL_XOUT_H)/187.62;
(0031) 		AY=Get_data(ACCEL_YOUT_H)/187.62;
(0032) 		
    000B0 E300      LDI	R16,0x30
    000B1 940E 0196 CALL	_USART_Transmit
    000B3 CFC5      RJMP	0x0079
    000B4 9508      RET
FILE: F:\lamp\Project\ProjectForavr\MPU_6050.c
(0001) #include"MPU_6050.h"
(0002) 
(0003) void MPU_6050_init(void)
(0004) {		
(0005) 	//twi_write(PWR_MGMT_1, 0x80);	
(0006) 	//delay_nms(20);
(0007) 	twi_write(PWR_MGMT_1, 0x00);		//解除休眠
_MPU_6050_init:
    000B5 2722      CLR	R18
    000B6 E60B      LDI	R16,0x6B
    000B7 940E 0100 CALL	_twi_write
(0008) 	//twi_write(0x23, 0xf8);	
(0009) 	//delay_nms(100);
(0010) 	//twi_write(PWR_MGMT_1, 0x08);	
(0011) 	twi_write(SMPRT_DIV, 0x01);
    000B9 E021      LDI	R18,1
    000BA E109      LDI	R16,0x19
    000BB 940E 0100 CALL	_twi_write
(0012) 	twi_write(CONFIG,0x06);
    000BD E026      LDI	R18,6
    000BE E10A      LDI	R16,0x1A
    000BF 940E 0100 CALL	_twi_write
(0013) 	twi_write(GYRO_CONFIG, 0x18);
    000C1 E128      LDI	R18,0x18
    000C2 E10B      LDI	R16,0x1B
    000C3 940E 0100 CALL	_twi_write
(0014) 	twi_write(ACCEL_CONFIG, 0x01);
    000C5 E021      LDI	R18,1
    000C6 E10C      LDI	R16,0x1C
    000C7 940C 0100 JMP	_twi_write
_Get_data:
  L_data               --> R10
  H_data               --> R12
  REG_Address          --> R20
    000C9 940E 01A4 CALL	push_xgset303C
    000CB 2F40      MOV	R20,R16
(0015) 	//twi_write(PWR_MGMT_1,0X01); //设置CLKSEL,PLL X轴为参考
(0016) 	//twi_write(PWR_MGMT_2,0X00); //加速度与陀螺仪都工作
(0017) }
(0018) 
(0019) int Get_data(uchar REG_Address)
(0020) {
(0021) 	int H_data;
(0022) 	int L_data;
(0023) 	H_data=twi_read(REG_Address);
    000CC 2F04      MOV	R16,R20
    000CD 940E 013D CALL	_twi_read
    000CF 2EC0      MOV	R12,R16
    000D0 24DD      CLR	R13
(0024) 	L_data=twi_read(REG_Address+1);
    000D1 2F04      MOV	R16,R20
    000D2 5F0F      SUBI	R16,0xFF
    000D3 940E 013D CALL	_twi_read
    000D5 2EA0      MOV	R10,R16
    000D6 24BB      CLR	R11
(0025) 	return (H_data<<8)|L_data;
    000D7 0186      MOVW	R16,R12
    000D8 2F10      MOV	R17,R16
    000D9 2700      CLR	R16
    000DA 290A      OR	R16,R10
    000DB 291B      OR	R17,R11
    000DC 940C 01AB JMP	pop_xgset303C
_hc05_init:
    000DE E082      LDI	R24,2
    000DF B98B      OUT	0x0B,R24
    000E0 2422      CLR	R2
    000E1 B82A      OUT	0x0A,R2
    000E2 E886      LDI	R24,0x86
    000E3 BD80      OUT	0x20,R24
    000E4 E08C      LDI	R24,0xC
    000E5 B989      OUT	0x09,R24
    000E6 BC20      OUT	0x20,R2
    000E7 E988      LDI	R24,0x98
    000E8 B98A      OUT	0x0A,R24
    000E9 E880      LDI	R24,0x80
    000EA BF8F      OUT	0x3F,R24
    000EB 9888      CBI	0x11,0
    000EC 9A89      SBI	0x11,1
    000ED 9508      RET
_sent:
  data                 --> R16
    000EE 9B5D      SBIS	0x0B,5
    000EF CFFE      RJMP	_sent
    000F0 B90C      OUT	0x0C,R16
    000F1 9B5E      SBIS	0x0B,6
    000F2 CFFE      RJMP	0x00F1
    000F3 B18B      IN	R24,0x0B
    000F4 6086      ORI	R24,6
    000F5 B98B      OUT	0x0B,R24
    000F6 9508      RET
_twi_init:
    000F7 2422      CLR	R2
    000F8 BE26      OUT	0x36,R2
    000F9 E08F      LDI	R24,0xF
    000FA B980      OUT	0x00,R24
    000FB B821      OUT	0x01,R2
    000FC B822      OUT	0x02,R2
    000FD E084      LDI	R24,4
    000FE BF86      OUT	0x36,R24
    000FF 9508      RET
_twi_write:
  W_DATA               --> R10
  W_ADDRESS            --> R12
    00100 92AA      ST	-Y,R10
    00101 92CA      ST	-Y,R12
    00102 2EA2      MOV	R10,R18
    00103 2EC0      MOV	R12,R16
    00104 EA84      LDI	R24,0xA4
    00105 BF86      OUT	0x36,R24
    00106 B626      IN	R2,0x36
    00107 FE27      SBRS	R2,7
    00108 CFFD      RJMP	0x0106
    00109 B181      IN	R24,0x01
    0010A 7F88      ANDI	R24,0xF8
    0010B 3088      CPI	R24,0x8
    0010C F011      BEQ	0x010F
    0010D E001      LDI	R16,1
    0010E C02B      RJMP	0x013A
    0010F ED80      LDI	R24,0xD0
    00110 B983      OUT	0x03,R24
    00111 E884      LDI	R24,0x84
    00112 BF86      OUT	0x36,R24
    00113 B626      IN	R2,0x36
    00114 FE27      SBRS	R2,7
    00115 CFFD      RJMP	0x0113
    00116 B181      IN	R24,0x01
    00117 7F88      ANDI	R24,0xF8
    00118 3188      CPI	R24,0x18
    00119 F011      BEQ	0x011C
    0011A E001      LDI	R16,1
    0011B C01E      RJMP	0x013A
    0011C B8C3      OUT	0x03,R12
    0011D E884      LDI	R24,0x84
    0011E BF86      OUT	0x36,R24
    0011F B626      IN	R2,0x36
    00120 FE27      SBRS	R2,7
    00121 CFFD      RJMP	0x011F
    00122 B181      IN	R24,0x01
    00123 7F88      ANDI	R24,0xF8
    00124 3288      CPI	R24,0x28
    00125 F011      BEQ	0x0128
    00126 E001      LDI	R16,1
    00127 C012      RJMP	0x013A
    00128 B8A3      OUT	0x03,R10
    00129 E884      LDI	R24,0x84
    0012A BF86      OUT	0x36,R24
    0012B B626      IN	R2,0x36
    0012C FE27      SBRS	R2,7
    0012D CFFD      RJMP	0x012B
    0012E B181      IN	R24,0x01
    0012F 7F88      ANDI	R24,0xF8
    00130 3288      CPI	R24,0x28
    00131 F011      BEQ	0x0134
    00132 E001      LDI	R16,1
    00133 C006      RJMP	0x013A
    00134 E984      LDI	R24,0x94
    00135 BF86      OUT	0x36,R24
    00136 E00A      LDI	R16,0xA
    00137 940E 004F CALL	_delay_nms
    00139 2700      CLR	R16
    0013A 90C9      LD	R12,Y+
    0013B 90A9      LD	R10,Y+
    0013C 9508      RET
_twi_read:
  temp                 --> R10
  W_ADDRESS            --> R16
    0013D 92AA      ST	-Y,R10
    0013E EA84      LDI	R24,0xA4
    0013F BF86      OUT	0x36,R24
    00140 B626      IN	R2,0x36
    00141 FE27      SBRS	R2,7
    00142 CFFD      RJMP	0x0140
    00143 B181      IN	R24,0x01
    00144 7F88      ANDI	R24,0xF8
    00145 3088      CPI	R24,0x8
    00146 F011      BEQ	0x0149
    00147 E001      LDI	R16,1
    00148 C040      RJMP	0x0189
    00149 ED80      LDI	R24,0xD0
    0014A B983      OUT	0x03,R24
    0014B E884      LDI	R24,0x84
    0014C BF86      OUT	0x36,R24
    0014D B626      IN	R2,0x36
    0014E FE27      SBRS	R2,7
    0014F CFFD      RJMP	0x014D
    00150 B181      IN	R24,0x01
    00151 7F88      ANDI	R24,0xF8
    00152 3188      CPI	R24,0x18
    00153 F011      BEQ	0x0156
    00154 E001      LDI	R16,1
    00155 C033      RJMP	0x0189
    00156 B903      OUT	0x03,R16
    00157 E884      LDI	R24,0x84
    00158 BF86      OUT	0x36,R24
    00159 B626      IN	R2,0x36
    0015A FE27      SBRS	R2,7
    0015B CFFD      RJMP	0x0159
    0015C B181      IN	R24,0x01
    0015D 7F88      ANDI	R24,0xF8
    0015E 3288      CPI	R24,0x28
    0015F F011      BEQ	0x0162
    00160 E001      LDI	R16,1
    00161 C027      RJMP	0x0189
    00162 EA84      LDI	R24,0xA4
    00163 BF86      OUT	0x36,R24
    00164 B626      IN	R2,0x36
    00165 FE27      SBRS	R2,7
    00166 CFFD      RJMP	0x0164
    00167 B181      IN	R24,0x01
    00168 7F88      ANDI	R24,0xF8
    00169 3180      CPI	R24,0x10
    0016A F011      BEQ	0x016D
    0016B E001      LDI	R16,1
    0016C C01C      RJMP	0x0189
    0016D ED81      LDI	R24,0xD1
    0016E B983      OUT	0x03,R24
    0016F E884      LDI	R24,0x84
    00170 BF86      OUT	0x36,R24
    00171 B626      IN	R2,0x36
    00172 FE27      SBRS	R2,7
    00173 CFFD      RJMP	0x0171
    00174 B181      IN	R24,0x01
    00175 7F88      ANDI	R24,0xF8
    00176 3480      CPI	R24,0x40
    00177 F011      BEQ	0x017A
    00178 E001      LDI	R16,1
    00179 C00F      RJMP	0x0189
    0017A E884      LDI	R24,0x84
    0017B BF86      OUT	0x36,R24
    0017C B626      IN	R2,0x36
    0017D FE27      SBRS	R2,7
    0017E CFFD      RJMP	0x017C
    0017F B181      IN	R24,0x01
    00180 7F88      ANDI	R24,0xF8
    00181 3588      CPI	R24,0x58
    00182 F011      BEQ	0x0185
    00183 E001      LDI	R16,1
    00184 C004      RJMP	0x0189
    00185 B0A3      IN	R10,0x03
    00186 E984      LDI	R24,0x94
    00187 BF86      OUT	0x36,R24
    00188 2D0A      MOV	R16,R10
    00189 90A9      LD	R10,Y+
    0018A 9508      RET
FILE: F:\lamp\Project\ProjectForavr\usart.c
(0001) #include <iom16v.h>
(0002) #include <macros.h>
(0003) #include "usart.h"
(0004) 
(0005) #define uchar unsigned char
(0006) #define uint  unsigned int
(0007) 
(0008) void Usart_init(void)
(0009) {
(0010)  	UCSRB = 0x00; 					       //关串口
_Usart_init:
    0018B 2422      CLR	R2
    0018C B82A      OUT	0x0A,R2
(0011)  	UCSRA = 0x02;					       //倍速模式   M16中文P151
    0018D E082      LDI	R24,2
    0018E B98B      OUT	0x0B,R24
(0012)  	UCSRC = BIT(URSEL) | 0x06;		       //写UCSRC寄存器,设定8个bit，1停止位，异步
    0018F E886      LDI	R24,0x86
    00190 BD80      OUT	0x20,R24
(0013)  	UBRR  = 12;	 	  	   		           //设定串口波特率为9600
    00191 E08C      LDI	R24,0xC
    00192 B989      OUT	0x09,R24
(0014)  	UCSRB = (1<<RXCIE)|(1<<RXEN)|(1<<TXEN);//使能接收结束中断，使能收发
    00193 E988      LDI	R24,0x98
    00194 B98A      OUT	0x0A,R24
    00195 9508      RET
(0015) }
(0016) 
(0017) /*串口发送*/
(0018) void USART_Transmit( uchar data )
(0019) {
(0020) while ( !( UCSRA & (1<<UDRE)) ) ;  //等待发送缓冲器为空
_USART_Transmit:
  data                 --> R16
    00196 9B5D      SBIS	0x0B,5
    00197 CFFE      RJMP	_USART_Transmit
(0021) UDR = data;                        // 将数据放入缓冲器，发送数据 
    00198 B90C      OUT	0x0C,R16
    00199 9508      RET
(0022) } 
(0023) 
(0024) 
(0025) 
(0026) uchar USART_Receive( void )
(0027) {
(0028) while ( !(UCSRA & (1<<RXC)) );  // 等待接收数据
_USART_Receive:
    0019A 9B5F      SBIS	0x0B,7
    0019B CFFE      RJMP	_USART_Receive
(0029) return UDR;                     // 从缓冲器中获取并返回数据
    0019C B10C      IN	R16,0x0C
    0019D 9508      RET
(0030) } 
(0031) 
(0032) void newline(void)   //换行
(0033) {
(0034)    USART_Transmit(0x0d);  //发送一个回车
_newline:
    0019E E00D      LDI	R16,0xD
    0019F DFF6      RCALL	_USART_Transmit
(0035)    USART_Transmit(0x0a);  //发送一个换行
    001A0 E00A      LDI	R16,0xA
    001A1 CFF4      RJMP	_USART_Transmit
(0036) }
(0037) 
(0038) void blank(void)    //空格
(0039) {
(0040)    USART_Transmit(0x20);  
FILE: <library>
_blank:
    001A2 E200      LDI	R16,0x20
    001A3 CFF2      RJMP	_USART_Transmit
push_xgset303C:
    001A4 935A      ST	-Y,R21
    001A5 934A      ST	-Y,R20
    001A6 92DA      ST	-Y,R13
    001A7 92CA      ST	-Y,R12
    001A8 92BA      ST	-Y,R11
    001A9 92AA      ST	-Y,R10
    001AA 9508      RET
pop_xgset303C:
    001AB 90A9      LD	R10,Y+
    001AC 90B9      LD	R11,Y+
    001AD 90C9      LD	R12,Y+
    001AE 90D9      LD	R13,Y+
    001AF 9149      LD	R20,Y+
    001B0 9159      LD	R21,Y+
    001B1 9508      RET
neg32:
    001B2 9500      COM	R16
    001B3 9510      COM	R17
    001B4 9520      COM	R18
    001B5 9530      COM	R19
    001B6 5F0F      SUBI	R16,0xFF
    001B7 4F1F      SBCI	R17,0xFF
    001B8 4F2F      SBCI	R18,0xFF
    001B9 4F3F      SBCI	R19,0xFF
    001BA 9508      RET
lpm32:
    001BB 93EA      ST	-Y,R30
    001BC 93FA      ST	-Y,R31
    001BD 920A      ST	-Y,R0
    001BE 2FE0      MOV	R30,R16
    001BF 2FF1      MOV	R31,R17
    001C0 95C8      LPM
    001C1 2D00      MOV	R16,R0
    001C2 9631      ADIW	R30,1
    001C3 95C8      LPM
    001C4 2D10      MOV	R17,R0
    001C5 9631      ADIW	R30,1
    001C6 95C8      LPM
    001C7 2D20      MOV	R18,R0
    001C8 9631      ADIW	R30,1
    001C9 95C8      LPM
    001CA 2D30      MOV	R19,R0
    001CB 9009      LD	R0,Y+
    001CC 91F9      LD	R31,Y+
    001CD 91E9      LD	R30,Y+
    001CE 9508      RET
fpint:
    001CF 924A      ST	-Y,R4
    001D0 925A      ST	-Y,R5
    001D1 926A      ST	-Y,R6
    001D2 938A      ST	-Y,R24
    001D3 940E 02CF CALL	unpacku
    001D5 F111      BEQ	0x01F8
    001D6 2055      TST	R5
    001D7 F0E2      BMI	0x01F4
    001D8 E18F      LDI	R24,0x1F
    001D9 1648      CP	R4,R24
    001DA F4C0      BCC	0x01F3
    001DB E187      LDI	R24,0x17
    001DC 1648      CP	R4,R24
    001DD F0D1      BEQ	0x01F8
    001DE F458      BCC	0x01EA
    001DF 9441      NEG	R4
    001E0 EE89      LDI	R24,0xE9
    001E1 1A48      SUB	R4,R24
    001E2 C005      RJMP	0x01E8
    001E3 9535      ASR	R19
    001E4 9527      ROR	R18
    001E5 9517      ROR	R17
    001E6 9507      ROR	R16
    001E7 944A      DEC	R4
    001E8 F7D1      BNE	0x01E3
    001E9 C00E      RJMP	0x01F8
    001EA E187      LDI	R24,0x17
    001EB 1A48      SUB	R4,R24
    001EC 0F00      LSL	R16
    001ED 1F11      ROL	R17
    001EE 1F22      ROL	R18
    001EF 1F33      ROL	R19
    001F0 944A      DEC	R4
    001F1 F7D1      BNE	0x01EC
    001F2 C005      RJMP	0x01F8
    001F3 E73F      LDI	R19,0x7F
    001F4 2F23      MOV	R18,R19
    001F5 2F13      MOV	R17,R19
    001F6 2F03      MOV	R16,R19
    001F7 C004      RJMP	0x01FC
    001F8 2066      TST	R6
    001F9 F011      BEQ	0x01FC
    001FA 940E 01B2 CALL	neg32
    001FC 9189      LD	R24,Y+
    001FD 9069      LD	R6,Y+
    001FE 9059      LD	R5,Y+
    001FF 9049      LD	R4,Y+
    00200 9508      RET
uint2fp:
    00201 9468      BSET	6
    00202 C001      RJMP	0x0204
int2fp:
    00203 94E8      BCLR	6
    00204 2722      CLR	R18
    00205 2733      CLR	R19
    00206 F046      BRTS	0x020F
    00207 FD17      SBRC	R17,7
    00208 9520      COM	R18
    00209 FD17      SBRC	R17,7
    0020A 9530      COM	R19
    0020B C003      RJMP	0x020F
ulong2fp:
    0020C 9468      BSET	6
    0020D C001      RJMP	0x020F
long2fp:
    0020E 94E8      BCLR	6
    0020F 924A      ST	-Y,R4
    00210 925A      ST	-Y,R5
    00211 926A      ST	-Y,R6
    00212 938A      ST	-Y,R24
    00213 E187      LDI	R24,0x17
    00214 2E48      MOV	R4,R24
    00215 2455      CLR	R5
    00216 2466      CLR	R6
    00217 F036      BRTS	0x021E
    00218 2333      TST	R19
    00219 F422      BPL	0x021E
    0021A 940E 01B2 CALL	neg32
    0021C E880      LDI	R24,0x80
    0021D 2E68      MOV	R6,R24
    0021E 940E 02E8 CALL	normalize_and_pack
    00220 9189      LD	R24,Y+
    00221 9069      LD	R6,Y+
    00222 9059      LD	R5,Y+
    00223 9049      LD	R4,Y+
    00224 9508      RET
fpdiv1:
    00225 93FA      ST	-Y,R31
    00226 93EA      ST	-Y,R30
    00227 81EA      LDD	R30,Y+2
    00228 81FB      LDD	R31,Y+3
    00229 D027      RCALL	0x0251
    0022A 91E9      LD	R30,Y+
    0022B 91F9      LD	R31,Y+
    0022C 9622      ADIW	R28,2
    0022D 9508      RET
fpdiv2:
    0022E 93FA      ST	-Y,R31
    0022F 93EA      ST	-Y,R30
    00230 2FEC      MOV	R30,R28
    00231 2FFD      MOV	R31,R29
    00232 9632      ADIW	R30,2
    00233 D01D      RCALL	0x0251
    00234 91E9      LD	R30,Y+
    00235 91F9      LD	R31,Y+
    00236 9624      ADIW	R28,4
    00237 9508      RET
fpdiv1x:
    00238 93FA      ST	-Y,R31
    00239 93EA      ST	-Y,R30
    0023A 81EA      LDD	R30,Y+2
    0023B 81FB      LDD	R31,Y+3
    0023C D014      RCALL	0x0251
    0023D 91E9      LD	R30,Y+
    0023E 91F9      LD	R31,Y+
    0023F 8339      STD	Y+1,R19
    00240 8328      ST	Y,R18
    00241 931A      ST	-Y,R17
    00242 930A      ST	-Y,R16
    00243 9508      RET
fpdiv2x:
    00244 93FA      ST	-Y,R31
    00245 93EA      ST	-Y,R30
    00246 2FEC      MOV	R30,R28
    00247 2FFD      MOV	R31,R29
    00248 9632      ADIW	R30,2
    00249 D007      RCALL	0x0251
    0024A 91E9      LD	R30,Y+
    0024B 91F9      LD	R31,Y+
    0024C 833B      STD	Y+3,R19
    0024D 832A      STD	Y+2,R18
    0024E 8319      STD	Y+1,R17
    0024F 8308      ST	Y,R16
    00250 9508      RET
    00251 920A      ST	-Y,R0
    00252 921A      ST	-Y,R1
    00253 922A      ST	-Y,R2
    00254 923A      ST	-Y,R3
    00255 940E 032D CALL	saveFPRegs
    00257 933A      ST	-Y,R19
    00258 932A      ST	-Y,R18
    00259 931A      ST	-Y,R17
    0025A 930A      ST	-Y,R16
    0025B 8100      LD	R16,Z
    0025C 8111      LDD	R17,Z+1
    0025D 8122      LDD	R18,Z+2
    0025E 8133      LDD	R19,Z+3
    0025F 940E 02CF CALL	unpacku
    00261 F409      BNE	0x0263
    00262 C057      RJMP	0x02BA
    00263 2CE6      MOV	R14,R6
    00264 2CD5      MOV	R13,R5
    00265 2CC4      MOV	R12,R4
    00266 2EB3      MOV	R11,R19
    00267 2EA2      MOV	R10,R18
    00268 2E91      MOV	R9,R17
    00269 2E80      MOV	R8,R16
    0026A 9109      LD	R16,Y+
    0026B 9119      LD	R17,Y+
    0026C 9129      LD	R18,Y+
    0026D 9139      LD	R19,Y+
    0026E 940E 02CF CALL	unpacku
    00270 F1A1      BEQ	0x02A5
    00271 246E      EOR	R6,R14
    00272 184C      SUB	R4,R12
    00273 085D      SBC	R5,R13
    00274 E880      LDI	R24,0x80
    00275 1648      CP	R4,R24
    00276 0653      CPC	R5,R19
    00277 F00C      BLT	0x0279
    00278 C033      RJMP	0x02AC
    00279 E881      LDI	R24,0x81
    0027A 1648      CP	R4,R24
    0027B EF8F      LDI	R24,0xFF
    0027C 0658      CPC	R5,R24
    0027D F40C      BGE	0x027F
    0027E C036      RJMP	0x02B5
    0027F E280      LDI	R24,0x20
    00280 2433      CLR	R3
    00281 2E23      MOV	R2,R19
    00282 2E12      MOV	R1,R18
    00283 2E01      MOV	R0,R17
    00284 2F30      MOV	R19,R16
    00285 2722      CLR	R18
    00286 2711      CLR	R17
    00287 2700      CLR	R16
    00288 9426      LSR	R2
    00289 9417      ROR	R1
    0028A 9407      ROR	R0
    0028B 9537      ROR	R19
    0028C 9527      ROR	R18
    0028D 0F00      LSL	R16
    0028E 1F11      ROL	R17
    0028F 1F22      ROL	R18
    00290 1F33      ROL	R19
    00291 1C00      ROL	R0
    00292 1C11      ROL	R1
    00293 1C22      ROL	R2
    00294 1C33      ROL	R3
    00295 F028      BCS	0x029B
    00296 1808      SUB	R0,R8
    00297 0819      SBC	R1,R9
    00298 082A      SBC	R2,R10
    00299 083B      SBC	R3,R11
    0029A C004      RJMP	0x029F
    0029B 0C08      ADD	R0,R8
    0029C 1C19      ADC	R1,R9
    0029D 1C2A      ADC	R2,R10
    0029E 1C3B      ADC	R3,R11
    0029F F00A      BMI	0x02A1
    002A0 6001      ORI	R16,1
    002A1 958A      DEC	R24
    002A2 F751      BNE	0x028D
    002A3 940E 02E8 CALL	normalize_and_pack
    002A5 940E 033C CALL	restoreFPRegs
    002A7 9039      LD	R3,Y+
    002A8 9029      LD	R2,Y+
    002A9 9019      LD	R1,Y+
    002AA 9009      LD	R0,Y+
    002AB 9508      RET
    002AC EF0F      LDI	R16,0xFF
    002AD 2F10      MOV	R17,R16
    002AE E72F      LDI	R18,0x7F
    002AF E73F      LDI	R19,0x7F
    002B0 2066      TST	R6
    002B1 F399      BEQ	0x02A5
    002B2 940E 01B2 CALL	neg32
    002B4 CFF0      RJMP	0x02A5
    002B5 2700      CLR	R16
    002B6 2F10      MOV	R17,R16
    002B7 2F20      MOV	R18,R16
    002B8 2F30      MOV	R19,R16
    002B9 CFEB      RJMP	0x02A5
    002BA 9109      LD	R16,Y+
    002BB 9119      LD	R17,Y+
    002BC 9129      LD	R18,Y+
    002BD 9139      LD	R19,Y+
    002BE CFED      RJMP	0x02AC
unpacks:
    002BF D00F      RCALL	unpacku
    002C0 F029      BEQ	0x02C6
    002C1 2066      TST	R6
    002C2 F011      BEQ	0x02C5
    002C3 940E 01B2 CALL	neg32
    002C5 9498      BCLR	1
    002C6 9508      RET
tstR16_R19:
    002C7 2300      TST	R16
    002C8 F429      BNE	0x02CE
    002C9 2311      TST	R17
    002CA F419      BNE	0x02CE
    002CB 2322      TST	R18
    002CC F409      BNE	0x02CE
    002CD 2333      TST	R19
    002CE 9508      RET
unpacku:
    002CF DFF7      RCALL	tstR16_R19
    002D0 F099      BEQ	0x02E4
    002D1 938A      ST	-Y,R24
    002D2 2E63      MOV	R6,R19
    002D3 E880      LDI	R24,0x80
    002D4 2268      AND	R6,R24
    002D5 0F22      LSL	R18
    002D6 1F33      ROL	R19
    002D7 2E43      MOV	R4,R19
    002D8 E78F      LDI	R24,0x7F
    002D9 1A48      SUB	R4,R24
    002DA 2455      CLR	R5
    002DB 2788      CLR	R24
    002DC 0A58      SBC	R5,R24
    002DD 9526      LSR	R18
    002DE E830      LDI	R19,0x80
    002DF 2B23      OR	R18,R19
    002E0 2733      CLR	R19
    002E1 9189      LD	R24,Y+
    002E2 9498      BCLR	1
    002E3 9508      RET
    002E4 2444      CLR	R4
    002E5 2455      CLR	R5
    002E6 2466      CLR	R6
    002E7 9508      RET
normalize_and_pack:
    002E8 DFDE      RCALL	tstR16_R19
    002E9 F409      BNE	0x02EB
    002EA 9508      RET
    002EB 93AA      ST	-Y,R26
    002EC 93BA      ST	-Y,R27
    002ED 01D2      MOVW	R26,R4
    002EE 939A      ST	-Y,R25
    002EF 938A      ST	-Y,R24
    002F0 E78E      LDI	R24,0x7E
    002F1 E090      LDI	R25,0
    002F2 2333      TST	R19
    002F3 F049      BEQ	0x02FD
    002F4 9536      LSR	R19
    002F5 9527      ROR	R18
    002F6 9517      ROR	R17
    002F7 9507      ROR	R16
    002F8 17A8      CP	R26,R24
    002F9 07B9      CPC	R27,R25
    002FA F4CC      BGE	0x0314
    002FB 9611      ADIW	R26,1
    002FC CFF5      RJMP	0x02F2
    002FD 9580      COM	R24
    002FE 9590      COM	R25
    002FF 9601      ADIW	R24,1
    00300 2322      TST	R18
    00301 F0BA      BMI	0x0319
    00302 0F00      LSL	R16
    00303 1F11      ROL	R17
    00304 1F22      ROL	R18
    00305 17A8      CP	R26,R24
    00306 07B9      CPC	R27,R25
    00307 F014      BLT	0x030A
    00308 9711      SBIW	R26,1
    00309 CFF6      RJMP	0x0300
    0030A 2700      CLR	R16
    0030B 2711      CLR	R17
    0030C 2722      CLR	R18
    0030D 2733      CLR	R19
    0030E 9189      LD	R24,Y+
    0030F 9199      LD	R25,Y+
    00310 012D      MOVW	R4,R26
    00311 91B9      LD	R27,Y+
    00312 91A9      LD	R26,Y+
    00313 9508      RET
    00314 2733      CLR	R19
    00315 EF0F      LDI	R16,0xFF
    00316 2F10      MOV	R17,R16
    00317 E72F      LDI	R18,0x7F
    00318 2F32      MOV	R19,R18
    00319 9189      LD	R24,Y+
    0031A 9199      LD	R25,Y+
    0031B 012D      MOVW	R4,R26
    0031C C002      RJMP	0x031F
pack:
    0031D 93AA      ST	-Y,R26
    0031E 93BA      ST	-Y,R27
    0031F DFA7      RCALL	tstR16_R19
    00320 F049      BEQ	0x032A
    00321 01D2      MOVW	R26,R4
    00322 58A1      SUBI	R26,0x81
    00323 4FBF      SBCI	R27,0xFF
    00324 012D      MOVW	R4,R26
    00325 2D34      MOV	R19,R4
    00326 0F22      LSL	R18
    00327 9536      LSR	R19
    00328 9527      ROR	R18
    00329 2936      OR	R19,R6
    0032A 91B9      LD	R27,Y+
    0032B 91A9      LD	R26,Y+
    0032C 9508      RET
saveFPRegs:
    0032D 924A      ST	-Y,R4
    0032E 925A      ST	-Y,R5
    0032F 926A      ST	-Y,R6
    00330 927A      ST	-Y,R7
    00331 928A      ST	-Y,R8
    00332 929A      ST	-Y,R9
    00333 92AA      ST	-Y,R10
    00334 92BA      ST	-Y,R11
    00335 92CA      ST	-Y,R12
    00336 92DA      ST	-Y,R13
    00337 92EA      ST	-Y,R14
    00338 92FA      ST	-Y,R15
    00339 938A      ST	-Y,R24
    0033A 939A      ST	-Y,R25
    0033B 9508      RET
restoreFPRegs:
    0033C 9199      LD	R25,Y+
    0033D 9189      LD	R24,Y+
    0033E 90F9      LD	R15,Y+
    0033F 90E9      LD	R14,Y+
    00340 90D9      LD	R13,Y+
    00341 90C9      LD	R12,Y+
    00342 90B9      LD	R11,Y+
    00343 90A9      LD	R10,Y+
    00344 9099      LD	R9,Y+
    00345 9089      LD	R8,Y+
    00346 9079      LD	R7,Y+
    00347 9069      LD	R6,Y+
    00348 9059      LD	R5,Y+
    00349 9049      LD	R4,Y+
    0034A 9508      RET
